=== 識別不能性テスト開始 (20250513_120328) ===

=== 暗号文のランダム化テスト ===
平文: 42
通常暗号化1: 4659918816831652182666381829612347654573741684877499332912676844232628502414459218659734445250805339689590822065838889420239447826940139694515950974903158298168365050435738077018751609759145606351631073256511131662025200731421967922983118494205492917439223114319629203550364096414446978460861195831154235532982841552235462211050761261725779585190936765801947491241793247679854518779195269318547654695074872795683894860914279893000656079177393951169580356685316534898561619037271504059421034493698862281103087741727794259952836837821508426462146874854299534601059100586382905270826176804865708172212424776058889789456
通常暗号化2: 13199223665594033516364759184024249084603494871767247753107995408783438323242473851377681609754189076438767384693380091122567633179200065537701867989816057236488682024773973210901640903067334448129072740065352569997533716003674583542373380783593814303045876176686138213137137305344798267192671802705509782806332600506969510718294901438618196170259744115722511514534435343151964822369478122720016182429164927894171978783386436945408309344878082859550152561020290062471554933568638397203535858725486065479191537559445577857465527714930244339380097563773382611546632837110490360769717629046606831177751348083626574523418
暗号文は異なるか: True
ランダム化1: 10468557945929423755480765384455893727683414848669978029488425087567068295250154657715141362458438450656396104975473648333068967183917336169473815820681035739349276038323793437018052071841496533340744483688455851458532562813381372475452608319851910383741037153442964519478572903822211492550384450726330835439357880138844607828584621278424628068436937469643009487893583991596787536441321425193706755382815507847505084653112262080736831538044500346219198497174115876876454694232964957057917528341493605267226413698801651790080015650532488350257848152920619994140366703263325583065432702694066777666897209679531744583119
ランダム化2: 15500619103481532149345935110507571209565218124367505194902117115568888465460235349022008888679796140936971426716276994199726977015890690218954678708697982465844898482228068986151164786434288556326912523772287767105048382206845934438725725099400376973150883182456592032414987472548203067319951851089298076884159554465790011799499220573722619430414984122441685782875617694559047439796035261840889592572134988382736877692277387307768351283792675723722718434423885659045476984011532038247631636585080624657521741710318998274829576950714621790882229849004182384864621185081916163959131928738082123669988060234470931090403
ランダム化された暗号文は異なるか: True
復号結果1: 42
復号結果2: 42
元の平文と一致するか1: True
元の平文と一致するか2: True

一括ランダム化テスト:
  平文1: 10, 復号結果: 10, 一致: True
  平文2: 20, 復号結果: 20, 一致: True
  平文3: 30, 復号結果: 30, 一致: True
  平文4: 40, 復号結果: 40, 一致: True
  平文5: 50, 復号結果: 50, 一致: True
AttributeError: 'int' object has no attribute 'log10'

The above exception was the direct cause of the following exception:

Traceback (most recent call last):
  File "/Users/dev/works/VSCode/secret-sharing-demos-20250510/method_8_homomorphic/tests/test_indistinguishable.py", line 666, in <module>
    main()
  File "/Users/dev/works/VSCode/secret-sharing-demos-20250510/method_8_homomorphic/tests/test_indistinguishable.py", line 640, in main
    results["randomize_ciphertext"] = test_randomize_ciphertext()
                                      ^^^^^^^^^^^^^^^^^^^^^^^^^^^
  File "/Users/dev/works/VSCode/secret-sharing-demos-20250510/method_8_homomorphic/tests/test_indistinguishable.py", line 134, in test_randomize_ciphertext
    log_ciphertexts = [np.log10(ct) for ct in ciphertexts]
                       ^^^^^^^^^^^^
TypeError: loop of ufunc does not support argument 0 of type int which has no callable log10 method


実行時間: 2.37秒
終了コード: 1
