{
  "start_time": 1747122015.473724,
  "end_time": 1747122188.524245,
  "total_elapsed": 173.0505211353302,
  "test_modules": {
    "method_8_homomorphic.tests.test_crypto_mask": {
      "tests": 6,
      "passed": 5,
      "failed": 0,
      "errors": 1,
      "skipped": 0,
      "failures": [],
      "errors_list": [
        {
          "test": "test_apply_mask_and_remove_mask (method_8_homomorphic.tests.test_crypto_mask.TestCryptoMask.test_apply_mask_and_remove_mask)",
          "message": "Traceback (most recent call last):\n  File \"/Users/dev/works/VSCode/secret-sharing-demos-20250510/method_8_homomorphic/tests/test_crypto_mask.py\", line 90, in test_apply_mask_and_remove_mask\n    unmasked_false = self.crypto_mask.remove_mask_from_data(masked_data, mask_params, 'false')\n                     ^^^^^^^^^^^^^^^^^^^^^^^^^^^^^^^^^^^^^^^^^^^^^^^^^^^^^^^^^^^^^^^^^^^^^^^^^\n  File \"/Users/dev/works/VSCode/secret-sharing-demos-20250510/method_8_homomorphic/crypto_mask.py\", line 226, in remove_mask_from_data\n    exp = mod_inverse(transform % 50 + 1, self.elgamal_private_key['p'] - 1)\n          ^^^^^^^^^^^^^^^^^^^^^^^^^^^^^^^^^^^^^^^^^^^^^^^^^^^^^^^^^^^^^^^^^^\n  File \"/Users/dev/works/VSCode/secret-sharing-demos-20250510/method_8_homomorphic/crypto_mask.py\", line 719, in mod_inverse\n    return sympy_mod_inverse(a, m)\n           ^^^^^^^^^^^^^^^^^^^^^^^\n  File \"/Users/dev/Library/Python/3.12/lib/python/site-packages/sympy/core/intfunc.py\", line 450, in mod_inverse\n    raise ValueError(\"inverse of %s (mod %s) does not exist\" % (a, m))\nValueError: inverse of 50 (mod 26024611388163989457929918128965796218703085581730347065343706763282420656448206172454446789261778807725276735198928045968392989179670506446182121355929116343819858432237889107375815139791684729239290113506180598478290304931672675976315920949787777618768128800701331398428642058103217387439175507318516807818035762785056476237470605190543797835698077606075005674221447649789866224415223243401580198500872924956988942727623550326599842083874462104414952338362892513278597359335126813770440812655180153213389479623398146797700744514876875602166900320472702640875701845866185192372640190221902218872055817348903053030748) does not exist\n"
        }
      ]
    },
    "method_8_homomorphic.tests.test_decrypt": {
      "tests": 0,
      "passed": 0,
      "failed": 0,
      "errors": 0,
      "skipped": 0,
      "failures": [],
      "errors_list": []
    },
    "method_8_homomorphic.tests.test_encrypt": {
      "tests": 6,
      "passed": 6,
      "failed": 0,
      "errors": 0,
      "skipped": 0,
      "failures": [],
      "errors_list": []
    },
    "method_8_homomorphic.tests.test_encrypt_decrypt": {
      "tests": 1,
      "passed": 1,
      "failed": 0,
      "errors": 0,
      "skipped": 0,
      "failures": [],
      "errors_list": []
    },
    "method_8_homomorphic.tests.test_encrypt_decrypt_integration": {
      "tests": 6,
      "passed": 0,
      "failed": 4,
      "errors": 2,
      "skipped": 0,
      "failures": [
        {
          "test": "test_basic_encrypt_decrypt (method_8_homomorphic.tests.test_encrypt_decrypt_integration.TestEncryptDecryptIntegration.test_basic_encrypt_decrypt)",
          "message": "Traceback (most recent call last):\n  File \"/Users/dev/works/VSCode/secret-sharing-demos-20250510/method_8_homomorphic/tests/test_encrypt_decrypt_integration.py\", line 210, in test_basic_encrypt_decrypt\n    self.assertEqual(self.test_data_true, true_decrypted)\nAssertionError: 'This is a true message with important inf[215 chars]n!\\n' != '\\x0e\\x07\\x81\\x12H\u00b7&\u00a3<\\x84\\x1d\\x83\\x0f\\x8b[623 chars]\\x90'\nDiff is 661 characters long. Set self.maxDiff to None to see it.\n"
        },
        {
          "test": "test_different_crypto_types (method_8_homomorphic.tests.test_encrypt_decrypt_integration.TestEncryptDecryptIntegration.test_different_crypto_types)",
          "message": "Traceback (most recent call last):\n  File \"/Users/dev/works/VSCode/secret-sharing-demos-20250510/method_8_homomorphic/tests/test_encrypt_decrypt_integration.py\", line 281, in test_different_crypto_types\n    self.assertEqual(self.test_data_true, true_decrypted, f\"Failed with {crypto_type}\")\nAssertionError: 'This is a true message with important inf[215 chars]n!\\n' != 'd\\x9d\u00a3\u00e1\u00bcdn\\x0e\\x93\u00ec\u00b5`}[]\\xad&d\u00b8H\\nY{1\u00ffO\\x[628 chars]9f\u00cd\u00eb'\nDiff is 659 characters long. Set self.maxDiff to None to see it. : Failed with paillier\n"
        },
        {
          "test": "test_edge_cases (method_8_homomorphic.tests.test_encrypt_decrypt_integration.TestEncryptDecryptIntegration.test_edge_cases)",
          "message": "Traceback (most recent call last):\n  File \"/Users/dev/works/VSCode/secret-sharing-demos-20250510/method_8_homomorphic/tests/test_encrypt_decrypt_integration.py\", line 510, in test_edge_cases\n    self.assertEqual(special_true_content, true_decrypted)\nAssertionError: 'Special characters: !@#$%^&*()_+{}|:\"<>?[]\\\\;\\',./~`\\n\\t' != \"\\x10\\x0f[ \u00e9Zrau\\x06\u00c7\\x94\u00f6\\x15\u00e8w\u00c9\\x02\\x80[149 chars]9JK\u00a7\"\n- Special characters: !@#$%^&*()_+{}|:\"<>?[]\\;',./~`\n- \t\n+ \u0010\u000f[ \u00e9Zrau\u0006\u00c7\u0094\u00f6\u0015\u00e8w\u00c9\u0002\u00800\u0089\u00c5\u00d3{\u000b+ \u0007\u00bc\u0014&\u00b4\u00eajH\u0014\u00e0\u00fa5\u0007\u00c9\u0011\u00bf\u0093\u008bB~\u00f0\u00f3i\u001c+ sD\u00c5y\u00fe\u00c77\n+ \u00fe\u00cf\u00ff\u00c9\u00ed\u0089\u0090\u00fb!^g'$Q\u00b7\u0014l\u00b6\u0084Z\u00a6\u00af\u009f'\\\u00ebd\u00a6\u00da\u0011-\u001ft\u00a1\u0084\u0014\u000e\u00875\u0088\u0089JK\u00a7\n\n"
        },
        {
          "test": "test_file_sizes (method_8_homomorphic.tests.test_encrypt_decrypt_integration.TestEncryptDecryptIntegration.test_file_sizes)",
          "message": "Traceback (most recent call last):\n  File \"/Users/dev/works/VSCode/secret-sharing-demos-20250510/method_8_homomorphic/tests/test_encrypt_decrypt_integration.py\", line 378, in test_file_sizes\n    self.assertEqual(true_text, true_decrypted)\nAssertionError: 'PKbIvDME HhifeIsAwUHYbEVptCygZwplvz RuvTq[55 chars]zMPH' != '\\x08r\\t\u00e8I\\x9aU8\u00b4\u00a9\u00e6\u00a9\\x1c\u00c8&d\u00f2\u00bc\u00ab|\u00a2m\u00e4J1\u00af)h\u00bcxp[267 chars]x8a\u00c1'\n- PKbIvDME HhifeIsAwUHYbEVptCygZwplvz RuvTqFkNwHhgajhYqlCnOfnKe ulEuNqKggqSGwNqxeYhPAIRijFu IgYRmQzMPH\n+ \br\t\u00e8I\u009aU8\u00b4\u00a9\u00e6\u00a9\u001c+ \u00c8&d\u00f2\u00bc\u00ab|\u00a2m\u00e4J1\u00af)h\u00bcxp\u00cd@\u00f3\u0005\u009d4\u0081\u00e7\u0013\u008f\u0003|7\u009b\u00c8bz\u009c\u0094HA\u0086\u00d4\n+ \u0019\u007f\u0096!\u00d1\u00e3L6\u00a7j\u000e\b\u0093cU)\u0005\u00bf\u0080\u0085+ \u0007\u001a?E\u00d4m\u00dd\u00e7\u00c6\u00ce\u0097\u00a2\u00e9\u00cc0\u00f3\u0085+ \u0088\u00a5\u00eb\u009d\u0013kh\u0003[\u00d3\u00b5\u00d5T\u00d03\u00e0s\u00a98a\u00f3\u008a\u00d6\u0097\u00f0 \u00be\u0090\u00de\u00838\u00fe\u001bi\u00b0\f+ \u008a+\u0001\u0006N\u00c0\u00f2\u00fb}\u00fb\u00ec\u00d1f\u00ef\u00e3;\\oI\u008d\u0082\u001f2\u0080\u00f2\u00dc\u008a\u00cd\u0087^\u00db/\u00cc\u0014\u0094\u008a\u00c1\n\n"
        }
      ],
      "errors_list": [
        {
          "test": "test_error_handling (method_8_homomorphic.tests.test_encrypt_decrypt_integration.TestEncryptDecryptIntegration.test_error_handling)",
          "message": "Traceback (most recent call last):\n  File \"/Users/dev/works/VSCode/secret-sharing-demos-20250510/method_8_homomorphic/tests/test_encrypt_decrypt_integration.py\", line 523, in test_error_handling\n    args.false_file = self.test_file_false\n                      ^^^^^^^^^^^^^^^^^^^^\nAttributeError: 'TestEncryptDecryptIntegration' object has no attribute 'test_file_false'. Did you mean: 'test_data_false'?\n"
        },
        {
          "test": "test_real_file_encrypt_decrypt (method_8_homomorphic.tests.test_encrypt_decrypt_integration.TestRealFileEncryptDecrypt.test_real_file_encrypt_decrypt)",
          "message": "Traceback (most recent call last):\n  File \"/Users/dev/works/VSCode/secret-sharing-demos-20250510/method_8_homomorphic/tests/test_encrypt_decrypt_integration.py\", line 675, in test_real_file_encrypt_decrypt\n    output_file = self.get_temp_path(\"real_encrypted.hcm\")\n                  ^^^^^^^^^^^^^^^^^^\nAttributeError: 'TestRealFileEncryptDecrypt' object has no attribute 'get_temp_path'\n"
        }
      ]
    },
    "method_8_homomorphic.tests.test_enhanced_security": {
      "tests": 3,
      "passed": 3,
      "failed": 0,
      "errors": 0,
      "skipped": 0,
      "failures": [],
      "errors_list": []
    },
    "method_8_homomorphic.tests.test_homomorphic": {
      "tests": 25,
      "passed": 25,
      "failed": 0,
      "errors": 0,
      "skipped": 0,
      "failures": [],
      "errors_list": []
    },
    "method_8_homomorphic.tests.test_homomorphic_crypto": {
      "tests": 0,
      "passed": 0,
      "failed": 0,
      "errors": 0,
      "skipped": 0,
      "failures": [],
      "errors_list": []
    },
    "method_8_homomorphic.tests.test_homomorphic_modules": {
      "tests": 16,
      "passed": 16,
      "failed": 0,
      "errors": 0,
      "skipped": 0,
      "failures": [],
      "errors_list": []
    },
    "method_8_homomorphic.tests.test_indistinguishability": {
      "tests": 6,
      "passed": 6,
      "failed": 0,
      "errors": 0,
      "skipped": 0,
      "failures": [],
      "errors_list": []
    },
    "method_8_homomorphic.tests.test_indistinguishability_analysis": {
      "tests": 7,
      "passed": 7,
      "failed": 0,
      "errors": 0,
      "skipped": 0,
      "failures": [],
      "errors_list": []
    },
    "method_8_homomorphic.tests.test_indistinguishable": {
      "tests": 0,
      "passed": 0,
      "failed": 0,
      "errors": 0,
      "skipped": 0,
      "failures": [],
      "errors_list": []
    },
    "method_8_homomorphic.tests.test_key_analysis": {
      "tests": 12,
      "passed": 10,
      "failed": 2,
      "errors": 0,
      "skipped": 0,
      "failures": [
        {
          "test": "test_cryptic_vs_integrated_analysis (method_8_homomorphic.tests.test_key_analysis.KeyStatisticalTest.test_cryptic_vs_integrated_analysis)",
          "message": "Traceback (most recent call last):\n  File \"/Users/dev/works/VSCode/secret-sharing-demos-20250510/method_8_homomorphic/tests/test_key_analysis.py\", line 269, in test_cryptic_vs_integrated_analysis\n    self.assertGreaterEqual(match_ratio, 0.8)\nAssertionError: 0.455 not greater than or equal to 0.8\n"
        },
        {
          "test": "test_key_distribution (method_8_homomorphic.tests.test_key_analysis.KeyStatisticalTest.test_key_distribution)",
          "message": "Traceback (most recent call last):\n  File \"/Users/dev/works/VSCode/secret-sharing-demos-20250510/method_8_homomorphic/tests/test_key_analysis.py\", line 212, in test_key_distribution\n    self.assertGreaterEqual(true_ratio, 0.4)\nAssertionError: 0.396 not greater than or equal to 0.4\n"
        }
      ],
      "errors_list": []
    },
    "method_8_homomorphic.tests.test_key_analyzer": {
      "tests": 0,
      "passed": 0,
      "failed": 0,
      "errors": 0,
      "skipped": 0,
      "failures": [],
      "errors_list": []
    },
    "method_8_homomorphic.tests.test_key_identification": {
      "tests": 8,
      "passed": 8,
      "failed": 0,
      "errors": 0,
      "skipped": 0,
      "failures": [],
      "errors_list": []
    },
    "method_8_homomorphic.tests.test_report": {
      "tests": 0,
      "passed": 0,
      "failed": 0,
      "errors": 0,
      "skipped": 0,
      "failures": [],
      "errors_list": []
    },
    "method_8_homomorphic.tests.test_simple_debug": {
      "tests": 0,
      "passed": 0,
      "failed": 0,
      "errors": 0,
      "skipped": 0,
      "failures": [],
      "errors_list": []
    }
  },
  "performance": {},
  "summary": {
    "total_tests": 96,
    "passed": 87,
    "failed": 6,
    "errors": 3,
    "skipped": 0,
    "success_rate": 90.625
  },
  "timestamp": "2025-05-13 16:43:08",
  "environment": {
    "python_version": "3.12.8 (v3.12.8:2dc476bcb91, Dec  3 2024, 14:43:20) [Clang 13.0.0 (clang-1300.0.29.30)]",
    "platform": "darwin"
  }
}