[2025-05-15 18:47:35] 準同型暗号マスキング方式 検証テスト開始
[2025-05-15 18:47:35] テストファイルを生成しました:
[2025-05-15 18:47:35] - UTF-8: /Users/dev/works/VSCode/secret-sharing-demos-20250510/method_8_homomorphic/test_output/samples/utf8_test.txt
[2025-05-15 18:47:35] - JSON: /Users/dev/works/VSCode/secret-sharing-demos-20250510/method_8_homomorphic/test_output/samples/json_test.json
[2025-05-15 18:47:35] - CSV: /Users/dev/works/VSCode/secret-sharing-demos-20250510/method_8_homomorphic/test_output/samples/csv_test.csv
[2025-05-15 18:47:35] 
=== UTF8 ファイルテスト開始 ===
[2025-05-15 18:47:35] 暗号化開始: /Users/dev/works/VSCode/secret-sharing-demos-20250510/method_8_homomorphic/test_output/samples/utf8_test.txt
[2025-05-15 18:47:35] 実行コマンド: python3 encrypt.py /Users/dev/works/VSCode/secret-sharing-demos-20250510/method_8_homomorphic/test_output/samples/utf8_test.txt /Users/dev/works/VSCode/secret-sharing-demos-20250510/method_8_homomorphic/test_output/samples/utf8_test.txt -o /Users/dev/works/VSCode/secret-sharing-demos-20250510/method_8_homomorphic/test_output/verification_test/encrypted_utf8_test.txt.hmc --verbose
[2025-05-15 18:47:35] 暗号化エラー: Traceback (most recent call last):
  File "/Users/dev/works/VSCode/secret-sharing-demos-20250510/method_8_homomorphic/encrypt.py", line 605, in <module>
    main()
  File "/Users/dev/works/VSCode/secret-sharing-demos-20250510/method_8_homomorphic/encrypt.py", line 590, in main
    args = parse_arguments()
           ^^^^^^^^^^^^^^^
NameError: name 'parse_arguments' is not defined

[2025-05-15 18:47:35] === UTF8 ファイルテスト完了 ===

[2025-05-15 18:47:35] 
=== JSON ファイルテスト開始 ===
[2025-05-15 18:47:35] 暗号化開始: /Users/dev/works/VSCode/secret-sharing-demos-20250510/method_8_homomorphic/test_output/samples/json_test.json
[2025-05-15 18:47:35] 実行コマンド: python3 encrypt.py /Users/dev/works/VSCode/secret-sharing-demos-20250510/method_8_homomorphic/test_output/samples/json_test.json /Users/dev/works/VSCode/secret-sharing-demos-20250510/method_8_homomorphic/test_output/samples/json_test.json -o /Users/dev/works/VSCode/secret-sharing-demos-20250510/method_8_homomorphic/test_output/verification_test/encrypted_json_test.json.hmc --verbose
[2025-05-15 18:47:36] 暗号化エラー: Traceback (most recent call last):
  File "/Users/dev/works/VSCode/secret-sharing-demos-20250510/method_8_homomorphic/encrypt.py", line 605, in <module>
    main()
  File "/Users/dev/works/VSCode/secret-sharing-demos-20250510/method_8_homomorphic/encrypt.py", line 590, in main
    args = parse_arguments()
           ^^^^^^^^^^^^^^^
NameError: name 'parse_arguments' is not defined

[2025-05-15 18:47:36] === JSON ファイルテスト完了 ===

[2025-05-15 18:47:36] 
=== CSV ファイルテスト開始 ===
[2025-05-15 18:47:36] 暗号化開始: /Users/dev/works/VSCode/secret-sharing-demos-20250510/method_8_homomorphic/test_output/samples/csv_test.csv
[2025-05-15 18:47:36] 実行コマンド: python3 encrypt.py /Users/dev/works/VSCode/secret-sharing-demos-20250510/method_8_homomorphic/test_output/samples/csv_test.csv /Users/dev/works/VSCode/secret-sharing-demos-20250510/method_8_homomorphic/test_output/samples/csv_test.csv -o /Users/dev/works/VSCode/secret-sharing-demos-20250510/method_8_homomorphic/test_output/verification_test/encrypted_csv_test.csv.hmc --verbose
[2025-05-15 18:47:37] 暗号化エラー: Traceback (most recent call last):
  File "/Users/dev/works/VSCode/secret-sharing-demos-20250510/method_8_homomorphic/encrypt.py", line 605, in <module>
    main()
  File "/Users/dev/works/VSCode/secret-sharing-demos-20250510/method_8_homomorphic/encrypt.py", line 590, in main
    args = parse_arguments()
           ^^^^^^^^^^^^^^^
NameError: name 'parse_arguments' is not defined

[2025-05-15 18:47:37] === CSV ファイルテスト完了 ===

[2025-05-15 18:47:37] レポートを生成しました: /Users/dev/works/VSCode/secret-sharing-demos-20250510/method_8_homomorphic/test_output/verification_test/verification_report_20250515-184735.md
[2025-05-15 18:47:37] 準同型暗号マスキング方式 検証テスト完了
[2025-05-15 18:47:37] 詳細レポート: /Users/dev/works/VSCode/secret-sharing-demos-20250510/method_8_homomorphic/test_output/verification_test/verification_report_20250515-184735.md
